Results will be saved to: results/xyz-hs20mg-raw

Date:  Thu Mar  2 08:58:27 CST 2023

Begin batch job... 
     File Name:       imgrec-test 
     Job Name:        xyz-hs20mg-test 
     Job ID:          990118959 
     Output file:     xyz-hs20mg-test.out 
     Dataset:         Fast scan test data (1.5-3.2 Hz HS20MG taken 02.02.2023)


Working directory:  /mnt/c/users/eva_n/OneDrive - The University of Texas at Austin/PyCharm Projects/emn-n2n-pytorch

Using python executable at: /home/eva_mn/miniconda3/envs/n2n/bin/python



----------------------------------------------------------------------------------------------


Date:  Thu Mar  2 08:58:28 CST 2023

N2N start time:     08:58:30.09
n2n initialized in   0:00:00.03 from n2n start
Loading checkpoint from: ckpts/xyz-hs20mg-raw/xyz-hs20mg-raw0.4l2/n2n-epoch100-0.00327.pt

Testing/Eval parameters: 
  Test dir = hs20mg_xyz_data/test/
  Target dir = hs20mg_xyz_data/test/targets
  Redux = 0
  Output = results/xyz-hs20mg-raw
  Load ckpt = ckpts/xyz-hs20mg-raw/xyz-hs20mg-raw0.4l2/n2n-epoch100-0.00327.pt
  Show output = 0
  Montage only = False
  Cuda = False
  Noise type = raw
  Noise param = 0.4
  Seed = None
  Crop size = 0
  Channels = 1
  Paired targets = True
  Clean targets = True

Saving images and montages to: results/xyz-hs20mg-raw/xyz-hs20mg-raw-990118959

Batch job runtime was 0h:0m:33s.
 
