Results will be saved to: results/xyz-combo-raw

Date:  Wed Mar  1 22:35:01 CST 2023

Begin batch job... 
     File Name:       imgrec-test 
     Job Name:        xyz-combo-test 
     Job ID:          644376943 
     Output file:     xyz-combo-test.out 
     Dataset:         Fast scan test data (1.5-3.2 Hz TGX11 & HS20MG taken 02.02.2023)


Working directory:  /mnt/c/users/eva_n/OneDrive - The University of Texas at Austin/PyCharm Projects/emn-n2n-pytorch

Using python executable at: /home/eva_mn/miniconda3/envs/n2n/bin/python



----------------------------------------------------------------------------------------------


Date:  Wed Mar  1 22:35:01 CST 2023

N2N start time:     22:35:04.12
n2n initialized in   0:00:00.04 from n2n start
Loading checkpoint from: ckpts/xyz-raw/xyz-raw0.4l2/n2n-epoch100-0.00266.pt

Testing/Eval parameters: 
  Test dir = combo_xyz_data/test/
  Target dir = combo_xyz_data/test/targets
  Redux = 0
  Output = results/xyz-combo-raw
  Load ckpt = ckpts/xyz-raw/xyz-raw0.4l2/n2n-epoch100-0.00266.pt
  Show output = 0
  Montage only = False
  Cuda = False
  Noise type = raw
  Noise param = 0.4
  Seed = None
  Crop size = 0
  Channels = 1
  Paired targets = True
  Clean targets = True

Saving images and montages to: results/xyz-combo-raw/xyz-combo-raw-644376943

Batch job runtime was 0h:1m:12s.
 
