Results will be saved to: results/xyz-tgx-raw

Date:  Thu Mar  2 09:03:20 CST 2023

Begin batch job... 
     File Name:       imgrec-test 
     Job Name:        xyz-tgx-test 
     Job ID:          506262590 
     Output file:     xyz-tgx-test.out 
     Dataset:         Fast scan test data (1.5-3.2 Hz TGX11 taken 02.02.2023)


Working directory:  /mnt/c/users/eva_n/OneDrive - The University of Texas at Austin/PyCharm Projects/emn-n2n-pytorch

Using python executable at: /home/eva_mn/miniconda3/envs/n2n/bin/python



----------------------------------------------------------------------------------------------


Date:  Thu Mar  2 09:03:20 CST 2023

N2N start time:     09:03:22.87
n2n initialized in   0:00:00.03 from n2n start
Loading checkpoint from: ckpts/xyz-tgx-raw/xyz-tgx-raw0.4l2/n2n-epoch100-0.00096.pt

Testing/Eval parameters: 
  Test dir = tgx2_xyz_data/test/
  Target dir = tgx2_xyz_data/test/targets
  Redux = 0
  Output = results/xyz-tgx-raw
  Load ckpt = ckpts/xyz-tgx-raw/xyz-tgx-raw0.4l2/n2n-epoch100-0.00096.pt
  Show output = 0
  Montage only = False
  Cuda = False
  Noise type = raw
  Noise param = 0.4
  Seed = None
  Crop size = 0
  Channels = 1
  Paired targets = True
  Clean targets = True

Saving images and montages to: results/xyz-tgx-raw/xyz-tgx-raw-506262590

Batch job runtime was 0h:1m:22s.
 
