Date:  Fri May 27 12:11:31 CDT 2022

Currently Loaded Modules:
  1) intel/18.0.2   4) autotools/1.2   7) TACC
  2) impi/18.0.2    5) cmake/3.16.1    8) python3/3.7.0
  3) git/2.24.1     6) xalt/2.9.6      9) cuda/11.0     (g)

  Where:
   g:  built for GPU

 

Begin batch job... "05-n2npt-train", #193007

Output file: 05-n2npt-train-193007.out 
Partition: gtx 	Nodes: 1 	Ntasks per node: 16
Dataset: HS20MG holes & pillars (60 imgs), 960/240/7 (train/val/test)

Working directory:  /work/08261/evanat/maverick2/n2n-pytorch

Training parameters: 
  Data dir = hs_20mg_data
  Ckpt save path = ckpts
  Ckpt overwrite = True
  Report interval = 240
  Learning rate = 0.001
  Adam = [0.9, 0.99, 1e-08]
  Batch size = 4
  Nb epochs = 100
  Loss = l2
  Cuda = True
  Plot stats = True
  Noise type = raw
  Noise param = 0.7
  Seed = None
  Crop size = 0
  Clean targets = False
  Paired targets = True

EPOCH 1 / 100
Batch   1 [=>                       ] Train loss: 0.00000Traceback (most recent call last):
  File "src/train.py", line 63, in <module>
    n2n.train(train_loader, valid_loader)
  File "/work/08261/evanat/maverick2/n2n-pytorch/src/noise2noise.py", line 252, in train
    source_denoised = self.model(source)
  File "/work/08261/evanat/maverick2/n2n-pytorch/__pypackages__/3.7/lib/torch/nn/modules/module.py", line 1110, in _call_impl
    return forward_call(*input, **kwargs)
  File "/work/08261/evanat/maverick2/n2n-pytorch/src/unet.py", line 89, in forward
    concat5 = torch.cat((upsample5, pool4), dim=1)
RuntimeError: Sizes of tensors must match except in dimension 1. Expected size 10 but got size 11 for tensor number 1 in the list.
Batch job runtime was 0 minutes and 14 seconds.
