Results will be saved to: results/xyz-combo-raw

Date:  Sat Mar 18 22:47:36 CDT 2023

Begin batch job... 
     File Name:       imgrec-test 
     Job Name:        xyz-combo-test 
     Job ID:          148569074 
     Output file:     xyz-combo-test.out 
     Dataset:         Original HS20MG scans (same as training)


Working directory:  /mnt/c/users/eva_n/OneDrive - The University of Texas at Austin/PyCharm Projects/emn-n2n-pytorch

Using python executable at: /home/eva_mn/miniconda3/envs/n2n/bin/python



----------------------------------------------------------------------------------------------


Date:  Sat Mar 18 22:47:36 CDT 2023

N2N start time:     22:47:38.03
n2n initialized in   0:00:00.01 from n2n start
Loading checkpoint from: ckpts/xyz-raw/xyz-raw0.4l2/n2n-epoch100-0.00292.pt

Testing/Eval parameters: 
  Test dir = combo_xyz_data/test/
  Target dir = combo_xyz_data/test/targets
  Redux = 0
  Output = results/xyz-combo-raw
  Load ckpt = ckpts/xyz-raw/xyz-raw0.4l2/n2n-epoch100-0.00292.pt
  Show output = 0
  Montage only = False
  Cuda = False
  Noise type = raw
  Noise param = 0.5
  Seed = None
  Crop size = 0
  Channels = 1
  Paired targets = True
  Clean targets = True

Saving images and montages to: results/xyz-combo-raw/xyz-combo-raw-148569074

Batch job runtime was 0h:0m:47s.
 
