Date:  
Wed Nov 10 22:59:46 CST 2021
 
## This script runs n2n-pytorch/src/train.py from the noise2noise pytorch implementation with the following options:
	
	** Job name: 09-n2npt-train
	** Parition name: gtx
	** Nodes: 1
	** MPI tasks: 1
	** Time required: 25 minutes (00:25:00)


	-- dataset: 		New AFM images from Ryan (54 original images)
							--> 840 training images
							--> 210 validation images
							--> 5 testing images
	-- noise type: 		Resolution
					 		--> style: 		LOWER
							--> parameter: 	P = 0.6
	-- ckpt-overwrite: 	FALSE
	-- epochs: 			100 (default)
	-- batch-size:		4 (default)
							--> total number of batches per epoch = 840/4 = 210
	-- report-interval:	210
	-- crop-size:		0 px (none)
	-- clean-targets: 	TRUE
	-- use cuda:		TRUE
	-- plot stats:		TRUE

## End notes
 Working directory:  
/work2/08261/evanat/maverick2/n2n-pytorch
