Using jobname to find checkpoint:
ckpts/hs20mg-gradient/hs20mg-gradient-0.4l2/hs20mg-gradient-0.4l2.pt


Date:  Wed Aug 24 18:57:55 CDT 2022

Begin batch job... 
     File Name:       slurm_script 
     Job Name:        hs20mg-imgrec 
     Job ID:          198820 
     Output file:     hs20mg-imgrec-198820.out 
     Partition:       p100 
     Nodes:           1 
     Ntasks per node: 48 
     Dataset:         B&W HS20MG holes & pillars (60 original imgs), 960/240/7 (train/val/test)


Working directory:  /work/08261/evanat/maverick2/n2n-pytorch

Using python executable at: /work/08261/evanat/maverick2/miniconda3/envs/imgrec/bin/python


N2N start time:     18:59:05.29
n2n initialized in   0:00:09.22 from n2n start
Loading checkpoint from: ckpts/hs20mg-gradient/hs20mg-gradient-0.4l2/hs20mg-gradient-0.4l2.pt

Testing/Eval parameters: 
  Test dir = hs20mg_data/test/targets
  Target dir = hs20mg_data/test/targets
  Output = results
  Load ckpt = ckpts/hs20mg-gradient/hs20mg-gradient-0.4l2/hs20mg-gradient-0.4l2.pt
  Show output = 0
  Montage only = True
  Cuda = True
  Noise type = gradient
  Noise param = 0.2
  Seed = None
  Crop size = 0
  Channels = 3
  Paired targets = False
  Redux = 0
  Clean targets = True

Saving images and montages to: results/denoised-hs20mg-imgrec-gradient-198820

Batch job runtime was 0h:1m:29s.
 
