Using jobname to find checkpoint:
ckpts/hs20mg-bernoulli/hs20mg-bernoulli-0.4l2/hs20mg-bernoulli-0.4l2.pt


Date:  Fri Aug 19 11:54:19 CDT 2022

Begin batch job... 
     File Name:       slurm_script 
     Job Name:        hs20mg-imgrec 
     Job ID:          198532 
     Output file:     hs20mg-imgrec-198532.out 
     Partition:       p100 
     Nodes:           1 
     Ntasks per node: 48 
     Dataset:         B&W HS20MG holes & pillars (60 original imgs), 960/240/7 (train/val/test)


Working directory:  /work/08261/evanat/maverick2/n2n-pytorch

Using python executable at: /work/08261/evanat/maverick2/miniconda3/envs/imgrec/bin/python


N2N start time:     11:54:29.47
n2n initialized in   0:00:03.28 from n2n start
Loading checkpoint from: ckpts/hs20mg-bernoulli/hs20mg-bernoulli-0.4l2/hs20mg-bernoulli-0.4l2.pt

Testing/Eval parameters: 
  Test dir = hs20mg_data/test/targets
  Target dir = hs20mg_data/test/targets
  Output = results
  Load ckpt = ckpts/hs20mg-bernoulli/hs20mg-bernoulli-0.4l2/hs20mg-bernoulli-0.4l2.pt
  Show output = 0
  Montage only = True
  Cuda = True
  Noise type = bernoulli
  Noise param = 0.4
  Seed = None
  Crop size = 0
  Channels = 3
  Paired targets = False
  Redux = 0
  Clean targets = True

Saving images and montages to: results/denoised-hs20mg-imgrec-bernoulli-198532

Batch job runtime was 0h:0m:22s.
 
