Date:  
Tue Nov  9 13:23:11 CST 2021
 
## This script runs n2n-pytorch/src/train.py from the noise2noise pytorch implementation with the following options:
	
	** Job name: 09-n2npt-train
	** Parition name: gtx
	** Nodes: 1
	** MPI tasks: 1
	** Time required: 25 minutes (00:25:00)


	-- dataset: 		New AFM images from Ryan (54 original images)
							--> 840 training images
							--> 210 validation images
							--> 5 testing images
	-- noise type: 		Resolution
					 		--> style: 		LOWER
							--> parameter: 	P = 0.6
	-- ckpt-overwrite: 	FALSE
	-- epochs: 			100 (default)
	-- batch-size:		4 (default)
							--> total number of batches per epoch = 840/4 = 210
	-- report-interval:	210
	-- crop-size:		0 px (none)
	-- clean-targets: 	TRUE
	-- use cuda:		TRUE
	-- plot stats:		TRUE

## End notes
 Working directory:  
/work2/08261/evanat/maverick2/n2n-pytorch
Noise2Noise: Learning Image Restoration without Clean Data (Lehtinen et al., 2018)
Training parameters: 
  Train dir = new_afm_data/train/
  Valid dir = new_afm_data/valid/
  Ckpt save path = ckpts
  Ckpt overwrite = False
  Report interval = 210
  Train size = 840
  Valid size = 210
  Learning rate = 0.001
  Adam = [0.9, 0.99, 1e-08]
  Batch size = 4
  Nb epochs = 100
  Loss = l1
  Cuda = True
  Plot stats = True
  Noise type = lower
  Noise param = 0.6
  Seed = None
  Crop size = 0
  Clean targets = True

EPOCH 1 / 100
