Date:  
Tue Oct 26 10:51:46 CDT 2021
 
## This script runs n2n-pytorch/src/train.py from the noise2noise pytorch implementation with the following options:
	
	** Job name: 08-n2npt-train
	** Parition name: gtx
	** Nodes: 1
	** MPI tasks: 1
	** Time required: 15 minutes (00:15:00)


	-- dataset: 		AFM images from Ryan (22 original images)
							--> 400 training images
							--> 100 validation images
							--> 19 testing images
	-- noise type: 		Resolution
					 		--> style: 		LOWER
							--> parameter: 	P = 0.6
	-- ckpt-overwrite: 	FALSE
	-- epochs: 			100 (default)
	-- batch-size:		4 (default)
							--> total number of batches per epoch = 400/4 = 100
	-- report-interval:	100
	-- crop-size:		128 px
	-- clean-targets: 	TRUE
	-- use cuda:		TRUE
	-- plot stats:		TRUE

## End notes
 Working directory:  
/work2/08261/evanat/maverick2/n2n-pytorch
Noise2Noise: Learning Image Restoration without Clean Data (Lehtinen et al., 2018)
Training parameters: 
  Train dir = afm_data/train/
  Valid dir = afm_data/valid/
  Ckpt save path = ckpts
  Ckpt overwrite = False
  Report interval = 100
  Train size = 400
  Valid size = 100
  Learning rate = 0.001
  Adam = [0.9, 0.99, 1e-08]
  Batch size = 4
  Nb epochs = 100
  Loss = l1
  Cuda = True
  Plot stats = True
  Noise type = lower
  Noise param = 0.6
  Seed = None
  Crop size = 128
  Clean targets = True

EPOCH 1 / 100
